=== Suite started at 2025-11-12 09:26:13
=== Starting test, 4 test cases
=cases         4
=user          rustkas
=host          nohost
=hosts         nohost 
=emulator_vsn  15.2.7.1
=emulator      beam
=otp_release   27
=started       2025-11-12 09:26:13
=case          router_policy_store_prop_SUITE:init_per_suite
=logfile       router_policy_store_prop_suite.init_per_suite.html
=started       2025-11-12 09:26:14
=ended         2025-11-12 09:26:14
=result        ok
=elapsed       0.084868s
=case          router_policy_store_prop_SUITE:prop_concurrent_operations
=logfile       router_policy_store_prop_suite.prop_concurrent_operations.html
=started       2025-11-12 09:26:14
=ended         2025-11-12 09:26:14
=result        failed: {{case_clause,
                            {error,{unrecognized_option,{max_shrink,50}}}},
                        [{router_policy_store_prop_SUITE,
                             prop_concurrent_operations,1,
                             [{file,
                                  "/home/rustkas/aigroup/apps/otp/router/test/router_policy_store_prop_SUITE.erl"},
                              {line,80}]},
                         {test_server,ts_tc,3,
                             [{file,"test_server.erl"},{line,1794}]},
                         {test_server,run_test_case_eval1,6,
                             [{file,"test_server.erl"},{line,1303}]},
                         {test_server,run_test_case_eval,9,
                             [{file,"test_server.erl"},{line,1235}]}]}, [{router_policy_store_prop_SUITE,
                                                                          prop_concurrent_operations,
                                                                          80},
                                                                         {test_server,
                                                                          ts_tc,
                                                                          1794},
                                                                         {test_server,
                                                                          run_test_case_eval1,
                                                                          1303},
                                                                         {test_server,
                                                                          run_test_case_eval,
                                                                          1235}]
=elapsed       0.010524s
=== *** FAILED test case 1 of 4 ***
=case          router_policy_store_prop_SUITE:prop_upsert_delete_consistency
=logfile       router_policy_store_prop_suite.prop_upsert_delete_consistency.html
=started       2025-11-12 09:26:14
=ended         2025-11-12 09:26:14
=result        failed: {{case_clause,
                            {error,{unrecognized_option,{max_shrink,50}}}},
                        [{router_policy_store_prop_SUITE,
                             prop_upsert_delete_consistency,1,
                             [{file,
                                  "/home/rustkas/aigroup/apps/otp/router/test/router_policy_store_prop_SUITE.erl"},
                              {line,118}]},
                         {test_server,ts_tc,3,
                             [{file,"test_server.erl"},{line,1794}]},
                         {test_server,run_test_case_eval1,6,
                             [{file,"test_server.erl"},{line,1303}]},
                         {test_server,run_test_case_eval,9,
                             [{file,"test_server.erl"},{line,1235}]}]}, [{router_policy_store_prop_SUITE,
                                                                          prop_upsert_delete_consistency,
                                                                          118},
                                                                         {test_server,
                                                                          ts_tc,
                                                                          1794},
                                                                         {test_server,
                                                                          run_test_case_eval1,
                                                                          1303},
                                                                         {test_server,
                                                                          run_test_case_eval,
                                                                          1235}]
=elapsed       0.000057s
=== *** FAILED test case 2 of 4 ***
=case          router_policy_store_prop_SUITE:prop_list_policies_ordering
=logfile       router_policy_store_prop_suite.prop_list_policies_ordering.html
=started       2025-11-12 09:26:14
=ended         2025-11-12 09:26:14
=result        failed: {{case_clause,
                            {error,{unrecognized_option,{max_shrink,50}}}},
                        [{router_policy_store_prop_SUITE,
                             prop_list_policies_ordering,1,
                             [{file,
                                  "/home/rustkas/aigroup/apps/otp/router/test/router_policy_store_prop_SUITE.erl"},
                              {line,156}]},
                         {test_server,ts_tc,3,
                             [{file,"test_server.erl"},{line,1794}]},
                         {test_server,run_test_case_eval1,6,
                             [{file,"test_server.erl"},{line,1303}]},
                         {test_server,run_test_case_eval,9,
                             [{file,"test_server.erl"},{line,1235}]}]}, [{router_policy_store_prop_SUITE,
                                                                          prop_list_policies_ordering,
                                                                          156},
                                                                         {test_server,
                                                                          ts_tc,
                                                                          1794},
                                                                         {test_server,
                                                                          run_test_case_eval1,
                                                                          1303},
                                                                         {test_server,
                                                                          run_test_case_eval,
                                                                          1235}]
=elapsed       0.000050s
=== *** FAILED test case 3 of 4 ***
=case          router_policy_store_prop_SUITE:prop_index_consistency
=logfile       router_policy_store_prop_suite.prop_index_consistency.html
=started       2025-11-12 09:26:14
=ended         2025-11-12 09:26:14
=result        failed: {{case_clause,
                            {error,{unrecognized_option,{max_shrink,50}}}},
                        [{router_policy_store_prop_SUITE,
                             prop_index_consistency,1,
                             [{file,
                                  "/home/rustkas/aigroup/apps/otp/router/test/router_policy_store_prop_SUITE.erl"},
                              {line,222}]},
                         {test_server,ts_tc,3,
                             [{file,"test_server.erl"},{line,1794}]},
                         {test_server,run_test_case_eval1,6,
                             [{file,"test_server.erl"},{line,1303}]},
                         {test_server,run_test_case_eval,9,
                             [{file,"test_server.erl"},{line,1235}]}]}, [{router_policy_store_prop_SUITE,
                                                                          prop_index_consistency,
                                                                          222},
                                                                         {test_server,
                                                                          ts_tc,
                                                                          1794},
                                                                         {test_server,
                                                                          run_test_case_eval1,
                                                                          1303},
                                                                         {test_server,
                                                                          run_test_case_eval,
                                                                          1235}]
=elapsed       0.001169s
=== *** FAILED test case 4 of 4 ***
=case          router_policy_store_prop_SUITE:end_per_suite
=logfile       router_policy_store_prop_suite.end_per_suite.html
=started       2025-11-12 09:26:14
=ended         2025-11-12 09:26:14
=result        ok
=elapsed       0.005116s
=group_time    0.253s
=== TEST COMPLETE, 0 ok, 4 failed of 4 test cases

=finished      2025-11-12 09:26:14
=failed        4
=successful    0
=user_skipped  0
=auto_skipped  0
=elapsed_time  330946
