=== Suite started at 2025-11-11 19:55:04
=== Starting test, 4 test cases
=cases         4
=user          rustkas
=host          nohost
=hosts         nohost 
=emulator_vsn  15.2.7.1
=emulator      beam
=otp_release   27
=started       2025-11-11 19:55:04
=case          router_core_telemetry_contract_SUITE:init_per_suite
=logfile       router_core_telemetry_contract_suite.init_per_suite.html
=started       2025-11-11 19:55:04
=ended         2025-11-11 19:55:04
=result        ok
=elapsed       0.314709s
=case          router_core_telemetry_contract_SUITE:test_route_returns_tuple_with_metadata
=logfile       router_core_telemetry_contract_suite.test_route_returns_tuple_with_metadata.html
=started       2025-11-11 19:55:04
=ended         2025-11-11 19:55:04
=result        failed: {{badmatch,
                            {ok,{policy,<<"test_tenant">>,<<"default">>,
                                    <<"1.0">>,#{},[],
                                    #{<<"openai">> => 1.0},
                                    undefined,undefined,#{}}}},
                        [{router_core_telemetry_contract_SUITE,
                             test_route_returns_tuple_with_metadata,1,
                             [{file,
                                  "/home/rustkas/aigroup/apps/otp/router/test/router_core_telemetry_contract_SUITE.erl"},
                              {line,67}]},
                         {test_server,ts_tc,3,
                             [{file,"test_server.erl"},{line,1794}]},
                         {test_server,run_test_case_eval1,6,
                             [{file,"test_server.erl"},{line,1303}]},
                         {test_server,run_test_case_eval,9,
                             [{file,"test_server.erl"},{line,1235}]}]}, [{router_core_telemetry_contract_SUITE,
                                                                          test_route_returns_tuple_with_metadata,
                                                                          67},
                                                                         {test_server,
                                                                          ts_tc,
                                                                          1794},
                                                                         {test_server,
                                                                          run_test_case_eval1,
                                                                          1303},
                                                                         {test_server,
                                                                          run_test_case_eval,
                                                                          1235}]
=elapsed       0.001850s
=== *** FAILED test case 1 of 4 ***
=case          router_core_telemetry_contract_SUITE:test_route_telemetry_stop_event_no_exception
=logfile       router_core_telemetry_contract_suite.test_route_telemetry_stop_event_no_exception.html
=started       2025-11-11 19:55:05
=ended         2025-11-11 19:55:05
=result        failed: {{badmatch,
                            {ok,{policy,<<"test_tenant">>,<<"default">>,
                                    <<"1.0">>,#{},[],
                                    #{<<"openai">> => 1.0},
                                    undefined,undefined,#{}}}},
                        [{router_core_telemetry_contract_SUITE,
                             test_route_telemetry_stop_event_no_exception,1,
                             [{file,
                                  "/home/rustkas/aigroup/apps/otp/router/test/router_core_telemetry_contract_SUITE.erl"},
                              {line,121}]},
                         {test_server,ts_tc,3,
                             [{file,"test_server.erl"},{line,1794}]},
                         {test_server,run_test_case_eval1,6,
                             [{file,"test_server.erl"},{line,1303}]},
                         {test_server,run_test_case_eval,9,
                             [{file,"test_server.erl"},{line,1235}]}]}, [{router_core_telemetry_contract_SUITE,
                                                                          test_route_telemetry_stop_event_no_exception,
                                                                          121},
                                                                         {test_server,
                                                                          ts_tc,
                                                                          1794},
                                                                         {test_server,
                                                                          run_test_case_eval1,
                                                                          1303},
                                                                         {test_server,
                                                                          run_test_case_eval,
                                                                          1235}]
=elapsed       0.000217s
=== *** FAILED test case 2 of 4 ***
=case          router_core_telemetry_contract_SUITE:test_route_error_returns_correct_format
=logfile       router_core_telemetry_contract_suite.test_route_error_returns_correct_format.html
=started       2025-11-11 19:55:05
=ended         2025-11-11 19:55:05
=result        failed: {test_case_failed,
                           "Expected {{error, {missing_tenant_id, _Context}}, StopMetadata}, got: {error,\n                                                                       {missing_tenant_id,\n                                                                        #{context =>\n                                                                           <<\"tenant_id is required in message\">>,\n                                                                          message_id =>\n                                                                           <<\"test-msg\">>}}}"}, [{router_core_telemetry_contract_SUITE,
                                                                                                                                                                                                                                                                                                                                                                                                                                                                                                                                                                                                                test_route_error_returns_correct_format,
                                                                                                                                                                                                                                                                                                                                                                                                                                                                                                                                                                                                                182},
                                                                                                                                                                                                                                                                                                                                                                                                                                                                                                                                                                                                               {test_server,
                                                                                                                                                                                                                                                                                                                                                                                                                                                                                                                                                                                                                ts_tc,
                                                                                                                                                                                                                                                                                                                                                                                                                                                                                                                                                                                                                1794},
                                                                                                                                                                                                                                                                                                                                                                                                                                                                                                                                                                                                               {test_server,
                                                                                                                                                                                                                                                                                                                                                                                                                                                                                                                                                                                                                run_test_case_eval1,
                                                                                                                                                                                                                                                                                                                                                                                                                                                                                                                                                                                                                1303},
                                                                                                                                                                                                                                                                                                                                                                                                                                                                                                                                                                                                               {test_server,
                                                                                                                                                                                                                                                                                                                                                                                                                                                                                                                                                                                                                run_test_case_eval,
                                                                                                                                                                                                                                                                                                                                                                                                                                                                                                                                                                                                                1235}]
=elapsed       0.005122s
=== *** FAILED test case 3 of 4 ***
=case          router_core_telemetry_contract_SUITE:test_route_success_returns_correct_format
=logfile       router_core_telemetry_contract_suite.test_route_success_returns_correct_format.html
=started       2025-11-11 19:55:05
=ended         2025-11-11 19:55:05
=result        failed: {{badmatch,
                            {ok,{policy,<<"test_tenant">>,<<"default">>,
                                    <<"1.0">>,#{},[],
                                    #{<<"openai">> => 1.0},
                                    undefined,undefined,#{}}}},
                        [{router_core_telemetry_contract_SUITE,
                             test_route_success_returns_correct_format,1,
                             [{file,
                                  "/home/rustkas/aigroup/apps/otp/router/test/router_core_telemetry_contract_SUITE.erl"},
                              {line,208}]},
                         {test_server,ts_tc,3,
                             [{file,"test_server.erl"},{line,1794}]},
                         {test_server,run_test_case_eval1,6,
                             [{file,"test_server.erl"},{line,1303}]},
                         {test_server,run_test_case_eval,9,
                             [{file,"test_server.erl"},{line,1235}]}]}, [{router_core_telemetry_contract_SUITE,
                                                                          test_route_success_returns_correct_format,
                                                                          208},
                                                                         {test_server,
                                                                          ts_tc,
                                                                          1794},
                                                                         {test_server,
                                                                          run_test_case_eval1,
                                                                          1303},
                                                                         {test_server,
                                                                          run_test_case_eval,
                                                                          1235}]
=elapsed       0.000028s
=== *** FAILED test case 4 of 4 ***
=case          router_core_telemetry_contract_SUITE:end_per_suite
=logfile       router_core_telemetry_contract_suite.end_per_suite.html
=started       2025-11-11 19:55:05
=ended         2025-11-11 19:55:05
=result        ok
=elapsed       0.003328s
=group_time    0.518s
=== TEST COMPLETE, 0 ok, 4 failed of 4 test cases

=finished      2025-11-11 19:55:05
=failed        4
=successful    0
=user_skipped  0
=auto_skipped  0
=elapsed_time  609746
